Arguments: 
  /Users/adanavelar/.nvm/versions/node/v10.0.0/bin/node /Users/adanavelar/.nvm/versions/node/v10.0.0/bin/yarn install

PATH: 
  /Users/adanavelar/.nvm/versions/node/v10.0.0/bin:/usr/bin:/bin:/usr/sbin:/sbin:/usr/local/bin

Yarn version: 
  1.12.3

Node version: 
  10.0.0

Platform: 
  darwin x64

Trace: 
  SyntaxError: /Users/adanavelar/code/sesion35ReactClone/lab-hello-ironhack/starter-code/package.json: Unexpected end of JSON input
      at JSON.parse (<anonymous>)
      at /Users/adanavelar/.nvm/versions/node/v10.0.0/lib/node_modules/yarn/lib/cli.js:1631:59
      at Generator.next (<anonymous>)
      at step (/Users/adanavelar/.nvm/versions/node/v10.0.0/lib/node_modules/yarn/lib/cli.js:304:30)
      at /Users/adanavelar/.nvm/versions/node/v10.0.0/lib/node_modules/yarn/lib/cli.js:315:13
      at run (/Users/adanavelar/.nvm/versions/node/v10.0.0/lib/node_modules/yarn/lib/cli.js:104078:22)
      at /Users/adanavelar/.nvm/versions/node/v10.0.0/lib/node_modules/yarn/lib/cli.js:104095:30
      at flush (/Users/adanavelar/.nvm/versions/node/v10.0.0/lib/node_modules/yarn/lib/cli.js:103579:9)
      at process._tickCallback (internal/process/next_tick.js:172:11)

npm manifest: 
  {
    "name": "starter-code",
    "version": "1.0.0",
    "description": "",
    "main": "index.js",
    "scripts": {
      "webpack": "webpack-dev-server --progress --color",
      "test": "echo \"Error: no test specified\" && exit 1"
    },
    "author": "",
    "license": "ISC",
    "dependencies": {
      "babel-cli": "^6.26.0",
      "babel-core": "^6.26.3",
      "babel-loader": "^7.1.5",
      "babel-plugin-transform-class-properties": "^6.24.1",
      "babel-preset-env": "^1.7.0",
      "babel-preset-react": "^6.24.1",
      "css-loader": "^1.0.0",
      "style-loader": "^0.23.0",
      "webpack": "^4.6.0",
      "webpack-cli": "^3.1.0",
      "webpack-dev-server": "^3.1.8"
    }

yarn manifest: 
  No manifest

Lockfile: 
  No lockfile
